0 info it worked if it ends with ok
1 verbose cli [ '/usr/bin/node', '/usr/bin/npm', 'start' ]
2 info using npm@3.10.10
3 info using node@v6.14.3
4 verbose run-script [ 'prestart', 'start', 'poststart' ]
5 info lifecycle notas-crud@0.1.0~prestart: notas-crud@0.1.0
6 silly lifecycle notas-crud@0.1.0~prestart: no script for prestart, continuing
7 info lifecycle notas-crud@0.1.0~start: notas-crud@0.1.0
8 verbose lifecycle notas-crud@0.1.0~start: unsafe-perm in lifecycle true
9 verbose lifecycle notas-crud@0.1.0~start: PATH: /usr/lib/node_modules/npm/bin/node-gyp-bin:/home/raguirre/Escritorio/notas-crud/node_modules/.bin:/home/raguirre/dev/opt/maven/apache-maven-3.5.2/bin:/home/raguirre/dev/opt/java/jdk1.8.0_111/bin:/home/raguirre/bin:/home/raguirre/.local/bin:/home/raguirre/dev/opt/maven/apache-maven-3.5.2/bin:/home/raguirre/dev/opt/java/jdk1.8.0_111/bin:/home/raguirre/bin:/home/raguirre/.local/bin:/usr/local/sbin:/usr/local/bin:/usr/sbin:/usr/bin:/sbin:/bin:/usr/games:/usr/local/games
10 verbose lifecycle notas-crud@0.1.0~start: CWD: /home/raguirre/Escritorio/notas-crud
11 silly lifecycle notas-crud@0.1.0~start: Args: [ '-c', 'react-scripts start' ]
12 silly lifecycle notas-crud@0.1.0~start: Returned: code: 1  signal: null
13 info lifecycle notas-crud@0.1.0~start: Failed to exec start script
14 verbose stack Error: notas-crud@0.1.0 start: `react-scripts start`
14 verbose stack Exit status 1
14 verbose stack     at EventEmitter.<anonymous> (/usr/lib/node_modules/npm/lib/utils/lifecycle.js:255:16)
14 verbose stack     at emitTwo (events.js:106:13)
14 verbose stack     at EventEmitter.emit (events.js:191:7)
14 verbose stack     at ChildProcess.<anonymous> (/usr/lib/node_modules/npm/lib/utils/spawn.js:40:14)
14 verbose stack     at emitTwo (events.js:106:13)
14 verbose stack     at ChildProcess.emit (events.js:191:7)
14 verbose stack     at maybeClose (internal/child_process.js:920:16)
14 verbose stack     at Process.ChildProcess._handle.onexit (internal/child_process.js:230:5)
15 verbose pkgid notas-crud@0.1.0
16 verbose cwd /home/raguirre/Escritorio/notas-crud
17 error Linux 4.8.0-53-generic
18 error argv "/usr/bin/node" "/usr/bin/npm" "start"
19 error node v6.14.3
20 error npm  v3.10.10
21 error code ELIFECYCLE
22 error notas-crud@0.1.0 start: `react-scripts start`
22 error Exit status 1
23 error Failed at the notas-crud@0.1.0 start script 'react-scripts start'.
23 error Make sure you have the latest version of node.js and npm installed.
23 error If you do, this is most likely a problem with the notas-crud package,
23 error not with npm itself.
23 error Tell the author that this fails on your system:
23 error     react-scripts start
23 error You can get information on how to open an issue for this project with:
23 error     npm bugs notas-crud
23 error Or if that isn't available, you can get their info via:
23 error     npm owner ls notas-crud
23 error There is likely additional logging output above.
24 verbose exit [ 1, true ]
